<?xml version="1.0" encoding="UTF-8"?>
<!-- Generated by org.testng.reporters.JUnitReportReporter -->
<testsuite skipped="0" hostname="LAPTOP-3FA6V06T" name="skills.TC_Education_001" tests="1" failures="0" timestamp="2022-03-01T13:15:29 IST" time="6.502" errors="0">
  <testcase name="Education" time="6.502" classname="skills.TC_Education_001"/>
  <system-out/>
</testsuite> <!-- skills.TC_Education_001 -->
