<?xml version="1.0" encoding="UTF-8"?>
<!-- Generated by org.testng.reporters.JUnitReportReporter -->
<testsuite skipped="0" hostname="LAPTOP-3FA6V06T" name="skills.TC_Education_003Test" tests="1" failures="0" timestamp="2022-03-02T15:19:40 IST" time="16.770" errors="0">
  <testcase name="Education" time="16.770" classname="skills.TC_Education_003Test"/>
  <system-out>
Home page is displyed Profile page is displyed Summay page is displyed Skills page is displyed Education page is displyed Project Details page is displyed Download Successfully in PDF farmate with different templates  </system-out>
</testsuite> <!-- skills.TC_Education_003Test -->
